
Chromatic CLI v7.5.4
https://www.chromatic.com/docs/cli

Authenticating with Chromatic
    → Connecting to https://index.chromatic.com
Authenticated with Chromatic
    → Using project token '****************5f2d'
Retrieving git information
Failed to retrieve slug {"shortMessage":"Command failed with exit code 1: git config --get remote.origin.url","command":"git config --get remote.origin.url","escapedCommand":"git config --get remote.origin.url","exitCode":1,"stdout":"","stderr":"","cwd":"/home/node/listit-lol/frontend","all":"","failed":true,"timedOut":false,"isCanceled":false,"killed":false}
Retrieved git information
    → Commit 'e666bee' on branch 'main'; no ancestor found
Collecting Storybook metadata
Collected Storybook metadata
    → Storybook 7.5.1 for React; using the @storybook/react-vite builder (7.5.1); supported addons found: Links, Essentials, Interactions
Initializing build
Initialized build
    → Build 1 initialized
Building your Storybook
    → Running command: pnpm run build-storybook --output-dir /tmp/chromatic--4770-Kl1pUcAgX5lm
Storybook built in 14 seconds
    → View build log at /home/node/listit-lol/frontend/build-storybook.log
Publish your built Storybook
    → Validating Storybook files
Publishing your built Storybook
    → Retrieving target location
    → Starting publish
    → [                    ] 0%
    → [                    ] 2%
    → [=                   ] 3%
    → [==                  ] 9%
    → [===                 ] 14%
    → [===                 ] 15%
    → [===                 ] 16%
    → [====                ] 18%
    → [====                ] 20%
    → [====                ] 21%
    → [====                ] 22%
    → [======              ] 28%
    → [======              ] 29%
    → [======              ] 30%
    → [======              ] 31%
    → [=======             ] 37%
    → [========            ] 38%
    → [========            ] 39%
    → [========            ] 40%
    → [=========           ] 47%
    → [==========          ] 48%
    → [==========          ] 49%
    → [==========          ] 50%
    → [==========          ] 51%
    → [==========          ] 52%
    → [===========         ] 53%
    → [===========         ] 54%
    → [===========         ] 55%
    → [===========         ] 57%
    → [============        ] 61%
    → [=============       ] 67%
    → [==============      ] 68%
    → [==============      ] 69%
    → [==============      ] 70%
    → [==============      ] 71%
    → [==============      ] 72%
    → [=================   ] 84%
    → [=================   ] 85%
    → [=================   ] 86%
    → [=================   ] 87%
    → [==================  ] 88%
    → [==================  ] 89%
    → [==================  ] 90%
    → [==================  ] 91%
    → [=================== ] 93%
    → [=================== ] 97%
    → [====================] 98%
    → [====================] 99%
Publish complete in 40 seconds
    → View your Storybook at https://6540e4195234b2e5cb97f410-xueymvfrbp.chromatic.com
Verifying your Storybook
    → This may take a few minutes
Started build 1
    → Continue setup at https://www.chromatic.com/setup?appId=6540e4195234b2e5cb97f410
Running 11 tests
    → This may take a few minutes
    → [==                  ] 1/11  Button › Primary 
    → [====                ] 2/11  Button › Secondary 
    → [=====               ] 3/11  Button › Large 
    → [=======             ] 4/11  Button › Small 
    → [=========           ] 5/11  Header › Logged In 
    → [===========         ] 6/11  Header › Logged Out 
    → [=============       ] 7/11  Page › Logged Out 
    → [===============     ] 8/11  Page › Logged In 
    → [================    ] 9/11  SideBar › Primary 
    → [====================] 11/11  Button › Secondary 
✔ Build passed. Welcome to Chromatic!
We found 5 components with 11 stories and took 11 snapshots.
ℹ Please continue setup at https://www.chromatic.com/setup?appId=6540e4195234b2e5cb97f410
Build 1 auto-accepted
    → Tested 11 stories across 5 components; captured 11 snapshots in 1 minute 3 seconds


